<?xml version="1.0" encoding="UTF-8"?>
<!-- Generated by org.testng.reporters.JUnitReportReporter -->
<testsuite skipped="0" hostname="Marias-MacBook-Air.local" name="com.testcases.techtest.ValidateURL" tests="1" failures="0" timestamp="21 Jan 2018 12:21:45 GMT" time="6.791" errors="0">
  <testcase name="test" time="6.791" classname="com.testcases.techtest.ValidateURL"/>
</testsuite> <!-- com.testcases.techtest.ValidateURL -->
