<?xml version="1.0" encoding="UTF-8"?>
<!-- Generated by org.testng.reporters.JUnitReportReporter -->
<testsuite skipped="0" hostname="Marias-MacBook-Air.local" name="com.testcases.techtest.Ex1_ValidateURL" tests="1" failures="0" timestamp="22 Jan 2018 00:14:16 GMT" time="5.603" errors="0">
  <testcase name="test" time="5.603" classname="com.testcases.techtest.Ex1_ValidateURL"/>
</testsuite> <!-- com.testcases.techtest.Ex1_ValidateURL -->
